Ticket cache: FILE:/tmp/krb5cc_8971_9ppz73_condor
Default principal: belius@ADS.IRO.UMONTREAL.CA

Valid starting     Expires            Service principal
02/18/14 01:04:01  02/18/14 10:02:18  krbtgt/ADS.IRO.UMONTREAL.CA@ADS.IRO.UMONTREAL.CA
	renew until 03/18/14 01:02:15
ulimit cmd: ulimit -v 1484800
constructing examples
100000 0.8
constructing examples
100000 0.8
Parameter and initial learning rate summary:
	h1_W: 0.0001
	h1_b: 0.0001
	h2_W: 0.0001
	h2_b: 0.0001
	h3_W: 0.0001
	h3_b: 0.0001
	y_W: 0.0001
	y_b: 0.0001
Compiling sgd_update...
Compiling sgd_update done. Time elapsed: 1.835612 seconds
compiling begin_record_entry...
compiling begin_record_entry done. Time elapsed: 0.820945 seconds
Monitored channels: 
	learning_rate
	momentum
	monitor_seconds_per_epoch
	train_h1_col_norms_max
	train_h1_col_norms_mean
	train_h1_col_norms_min
	train_h1_max_x_max_u
	train_h1_max_x_mean_u
	train_h1_max_x_min_u
	train_h1_mean_x_max_u
	train_h1_mean_x_mean_u
	train_h1_mean_x_min_u
	train_h1_min_x_max_u
	train_h1_min_x_mean_u
	train_h1_min_x_min_u
	train_h1_range_x_max_u
	train_h1_range_x_mean_u
	train_h1_range_x_min_u
	train_h1_row_norms_max
	train_h1_row_norms_mean
	train_h1_row_norms_min
	train_h2_col_norms_max
	train_h2_col_norms_mean
	train_h2_col_norms_min
	train_h2_max_x_max_u
	train_h2_max_x_mean_u
	train_h2_max_x_min_u
	train_h2_mean_x_max_u
	train_h2_mean_x_mean_u
	train_h2_mean_x_min_u
	train_h2_min_x_max_u
	train_h2_min_x_mean_u
	train_h2_min_x_min_u
	train_h2_range_x_max_u
	train_h2_range_x_mean_u
	train_h2_range_x_min_u
	train_h2_row_norms_max
	train_h2_row_norms_mean
	train_h2_row_norms_min
	train_h3_col_norms_max
	train_h3_col_norms_mean
	train_h3_col_norms_min
	train_h3_max_x_max_u
	train_h3_max_x_mean_u
	train_h3_max_x_min_u
	train_h3_mean_x_max_u
	train_h3_mean_x_mean_u
	train_h3_mean_x_min_u
	train_h3_min_x_max_u
	train_h3_min_x_mean_u
	train_h3_min_x_min_u
	train_h3_range_x_max_u
	train_h3_range_x_mean_u
	train_h3_range_x_min_u
	train_h3_row_norms_max
	train_h3_row_norms_mean
	train_h3_row_norms_min
	train_objective
	train_term_0
	train_term_1_l1_penalty
	train_y_col_norms_max
	train_y_col_norms_mean
	train_y_col_norms_min
	train_y_max_x_max_u
	train_y_max_x_mean_u
	train_y_max_x_min_u
	train_y_mean_x_max_u
	train_y_mean_x_mean_u
	train_y_mean_x_min_u
	train_y_min_x_max_u
	train_y_min_x_mean_u
	train_y_min_x_min_u
	train_y_range_x_max_u
	train_y_range_x_mean_u
	train_y_range_x_min_u
	train_y_row_norms_max
	train_y_row_norms_mean
	train_y_row_norms_min
	valid_h1_col_norms_max
	valid_h1_col_norms_mean
	valid_h1_col_norms_min
	valid_h1_max_x_max_u
	valid_h1_max_x_mean_u
	valid_h1_max_x_min_u
	valid_h1_mean_x_max_u
	valid_h1_mean_x_mean_u
	valid_h1_mean_x_min_u
	valid_h1_min_x_max_u
	valid_h1_min_x_mean_u
	valid_h1_min_x_min_u
	valid_h1_range_x_max_u
	valid_h1_range_x_mean_u
	valid_h1_range_x_min_u
	valid_h1_row_norms_max
	valid_h1_row_norms_mean
	valid_h1_row_norms_min
	valid_h2_col_norms_max
	valid_h2_col_norms_mean
	valid_h2_col_norms_min
	valid_h2_max_x_max_u
	valid_h2_max_x_mean_u
	valid_h2_max_x_min_u
	valid_h2_mean_x_max_u
	valid_h2_mean_x_mean_u
	valid_h2_mean_x_min_u
	valid_h2_min_x_max_u
	valid_h2_min_x_mean_u
	valid_h2_min_x_min_u
	valid_h2_range_x_max_u
	valid_h2_range_x_mean_u
	valid_h2_range_x_min_u
	valid_h2_row_norms_max
	valid_h2_row_norms_mean
	valid_h2_row_norms_min
	valid_h3_col_norms_max
	valid_h3_col_norms_mean
	valid_h3_col_norms_min
	valid_h3_max_x_max_u
	valid_h3_max_x_mean_u
	valid_h3_max_x_min_u
	valid_h3_mean_x_max_u
	valid_h3_mean_x_mean_u
	valid_h3_mean_x_min_u
	valid_h3_min_x_max_u
	valid_h3_min_x_mean_u
	valid_h3_min_x_min_u
	valid_h3_range_x_max_u
	valid_h3_range_x_mean_u
	valid_h3_range_x_min_u
	valid_h3_row_norms_max
	valid_h3_row_norms_mean
	valid_h3_row_norms_min
	valid_objective
	valid_term_0
	valid_term_1_l1_penalty
	valid_y_col_norms_max
	valid_y_col_norms_mean
	valid_y_col_norms_min
	valid_y_max_x_max_u
	valid_y_max_x_mean_u
	valid_y_max_x_min_u
	valid_y_mean_x_max_u
	valid_y_mean_x_mean_u
	valid_y_mean_x_min_u
	valid_y_min_x_max_u
	valid_y_min_x_mean_u
	valid_y_min_x_min_u
	valid_y_range_x_max_u
	valid_y_range_x_mean_u
	valid_y_range_x_min_u
	valid_y_row_norms_max
	valid_y_row_norms_mean
	valid_y_row_norms_min
Compiling accum...
